#
# A fatal error has been detected by the Java Runtime Environment:
#
#  Internal Error (./open/src/hotspot/share/oops/generateOopMap.cpp:2165), pid=26060, tid=28404
#  fatal error: Illegal class file encountered. Try running with -Xverify:all in method makeComputerBestMove
#
# JRE version: OpenJDK Runtime Environment (14.0.1+7) (build 14.0.1+7)
# Java VM: OpenJDK 64-Bit Server VM (14.0.1+7, mixed mode, sharing, tiered, compressed oops, g1 gc, windows-amd64)
# No core dump will be written. Minidumps are not enabled by default on client versions of Windows
#
# If you would like to submit a bug report, please visit:
#   https://bugreport.java.com/bugreport/crash.jsp
#

---------------  S U M M A R Y ------------

Command Line: -agentlib:jdwp=transport=dt_socket,address=127.0.0.1:63304,suspend=y,server=n -javaagent:C:\Users\jnaskretski\AppData\Local\JetBrains\IntelliJIdea2020.1\captureAgent\debugger-agent.jar -Dfile.encoding=UTF-8 com.company.Main

Host: Intel(R) Core(TM) i7-9750H CPU @ 2.60GHz, 12 cores, 15G,  Windows 10 , 64 bit Build 18362 (10.0.18362.1082)
Time: Mon Oct  5 02:15:48 2020 ?rodkowoeuropejski czas letni elapsed time: 4670 seconds (0d 1h 17m 50s)

---------------  T H R E A D  ---------------

Current thread (0x000001f2c9f5e000):  GCTaskThread "GC Thread#2" [stack: 0x000000c5cf600000,0x000000c5cf700000] [id=28404]

Stack: [0x000000c5cf600000,0x000000c5cf700000]
[error occurred during error reporting (printing stack bounds), id 0xc0000005, EXCEPTION_ACCESS_VIOLATION (0xc0000005) at pc=0x000001f2ad3710ad]

Native frames: (J=compiled Java code, j=interpreted, Vv=VM code, C=native code)
V  [jvm.dll+0x5f840a]
V  [jvm.dll+0x741e4a]
V  [jvm.dll+0x7435ff]
V  [jvm.dll+0x743ba5]
V  [jvm.dll+0x743b5b]
V  [jvm.dll+0x5f793f]
V  [jvm.dll+0x5f80a8]
C  [ntdll.dll+0xa11cf]
C  [ntdll.dll+0x6a209]
C  [ntdll.dll+0x9fe3e]
C  0x000001f2ad3710ad

JavaThread 0x000001f2d4023000 (nid = 22812) was being processed
Java frames: (J=compiled Java code, j=interpreted, Vv=VM code)
v  ~RuntimeStub::_new_array_Java
J 1108 c2 jdk.internal.misc.Unsafe.allocateUninitializedArray(Ljava/lang/Class;I)Ljava/lang/Object; java.base@14.0.1 (55 bytes) @ 0x000001f2b4e97654 [0x000001f2b4e97540+0x0000000000000114]
J 1102 c1 com.company.MainView.checkIfWin([[Ljava/lang/String;)Ljava/lang/String; (259 bytes) @ 0x000001f2adacc314 [0x000001f2adacadc0+0x0000000000001554]
J 1104 c1 com.company.MainView.minimax([[Ljava/lang/String;IZ)I (222 bytes) @ 0x000001f2ad9327cc [0x000001f2ad932620+0x00000000000001ac]
J 1104 c1 com.company.MainView.minimax([[Ljava/lang/String;IZ)I (222 bytes) @ 0x000001f2ad933154 [0x000001f2ad932620+0x0000000000000b34]
J 1104 c1 com.company.MainView.minimax([[Ljava/lang/String;IZ)I (222 bytes) @ 0x000001f2ad932bf4 [0x000001f2ad932620+0x00000000000005d4]
J 1104 c1 com.company.MainView.minimax([[Ljava/lang/String;IZ)I (222 bytes) @ 0x000001f2ad933154 [0x000001f2ad932620+0x0000000000000b34]
J 1104 c1 com.company.MainView.minimax([[Ljava/lang/String;IZ)I (222 bytes) @ 0x000001f2ad932bf4 [0x000001f2ad932620+0x00000000000005d4]
J 1104 c1 com.company.MainView.minimax([[Ljava/lang/String;IZ)I (222 bytes) @ 0x000001f2ad933154 [0x000001f2ad932620+0x0000000000000b34]
j  com.company.MainView.minimax([[Ljava/lang/String;IZ)I+101
j  com.company.MainView.minimax([[Ljava/lang/String;IZ)I+193
j  com.company.MainView.makeComputerBestMove([[Ljava/lang/String;)[I+71
j  com.company.MainView$1.run()V+139
j  java.lang.Thread.run()V+11 java.base@14.0.1
v  ~StubRoutines::call_stub

---------------  P R O C E S S  ---------------

Threads class SMR info:
_java_thread_list=0x000001f2c9f4a860, length=21, elements={
0x000001f2c8d89000, 0x000001f2c8d8a800, 0x000001f2c9627800, 0x000001f2c962d000,
0x000001f2c962f000, 0x000001f2c9630800, 0x000001f2c9636000, 0x000001f2c965f000,
0x000001f2c9611000, 0x000001f2c9817000, 0x000001f2c9940800, 0x000001f2c9bae800,
0x000001f2c9bb1000, 0x000001f2c9bb2000, 0x000001f2d3ee6000, 0x000001f2a4bdf000,
0x000001f2d3f7d800, 0x000001f2d4023000, 0x000001f2c968b000, 0x000001f2c9f77000,
0x000001f2c9f75800
}

Java Threads: ( => current thread )
  0x000001f2c8d89000 JavaThread "Reference Handler" daemon [_thread_blocked, id=12704, stack(0x000000c5ce400000,0x000000c5ce500000)]
  0x000001f2c8d8a800 JavaThread "Finalizer" daemon [_thread_blocked, id=14228, stack(0x000000c5ce500000,0x000000c5ce600000)]
  0x000001f2c9627800 JavaThread "Signal Dispatcher" daemon [_thread_blocked, id=8916, stack(0x000000c5ce600000,0x000000c5ce700000)]
  0x000001f2c962d000 JavaThread "Attach Listener" daemon [_thread_blocked, id=30880, stack(0x000000c5ce700000,0x000000c5ce800000)]
  0x000001f2c962f000 JavaThread "Service Thread" daemon [_thread_blocked, id=26860, stack(0x000000c5ce800000,0x000000c5ce900000)]
  0x000001f2c9630800 JavaThread "C2 CompilerThread0" daemon [_thread_blocked, id=16004, stack(0x000000c5ce900000,0x000000c5cea00000)]
  0x000001f2c9636000 JavaThread "C1 CompilerThread0" daemon [_thread_blocked, id=19556, stack(0x000000c5cea00000,0x000000c5ceb00000)]
  0x000001f2c965f000 JavaThread "Sweeper thread" daemon [_thread_blocked, id=26528, stack(0x000000c5ceb00000,0x000000c5cec00000)]
  0x000001f2c9611000 JavaThread "Common-Cleaner" daemon [_thread_blocked, id=5292, stack(0x000000c5cec00000,0x000000c5ced00000)]
  0x000001f2c9817000 JavaThread "JDWP Event Helper Thread" daemon [_thread_blocked, id=28464, stack(0x000000c5cef00000,0x000000c5cf000000)]
  0x000001f2c9940800 JavaThread "Notification Thread" daemon [_thread_blocked, id=4252, stack(0x000000c5cf100000,0x000000c5cf200000)]
  0x000001f2c9bae800 JavaThread "Java2D Disposer" daemon [_thread_blocked, id=28560, stack(0x000000c5cf300000,0x000000c5cf400000)]
  0x000001f2c9bb1000 JavaThread "AWT-Shutdown" [_thread_blocked, id=29340, stack(0x000000c5cf400000,0x000000c5cf500000)]
  0x000001f2c9bb2000 JavaThread "AWT-Windows" daemon [_thread_blocked, id=31272, stack(0x000000c5cf500000,0x000000c5cf600000)]
  0x000001f2d3ee6000 JavaThread "AWT-EventQueue-0" [_thread_blocked, id=14740, stack(0x000000c5cfa10000,0x000000c5cfb10000)]
  0x000001f2a4bdf000 JavaThread "DestroyJavaVM" [_thread_blocked, id=21484, stack(0x000000c5cdd00000,0x000000c5cde00000)]
  0x000001f2d3f7d800 JavaThread "TimerQueue" daemon [_thread_blocked, id=21320, stack(0x000000c5cfc10000,0x000000c5cfd10000)]
  0x000001f2d4023000 JavaThread "Thread-1" [_thread_blocked, id=22812, stack(0x000000c5cfd10000,0x000000c5cfe10000)]
  0x000001f2c968b000 JavaThread "C2 CompilerThread1" daemon [_thread_in_native, id=19840, stack(0x000000c5cdb00000,0x000000c5cdc00000)]
  0x000001f2c9f77000 JavaThread "SIGINT handler" daemon [_thread_blocked, id=24436, stack(0x000000c5cdc00000,0x000000c5cdd00000)]
  0x000001f2c9f75800 JavaThread "ToolkitShutdown" daemon [_thread_in_native, id=30876, stack(0x000000c5ced90000,0x000000c5cee90000)]

Other Threads:
  0x000001f2c8d83000 VMThread "VM Thread" [stack: 0x000000c5ce300000,0x000000c5ce400000] [id=17000]
  0x000001f2c9941000 WatcherThread [stack: 0x000000c5cf200000,0x000000c5cf300000] [id=17032]
  0x000001f2a4c45800 GCTaskThread "GC Thread#0" [stack: 0x000000c5cde00000,0x000000c5cdf00000] [id=25532]
  0x000001f2c9f3e000 GCTaskThread "GC Thread#1" [stack: 0x000000c5cf000000,0x000000c5cf100000] [id=16548]
=>0x000001f2c9f5e000 GCTaskThread "GC Thread#2" [stack: 0x000000c5cf600000,0x000000c5cf700000] [id=28404]
  0x000001f2c9f31000 GCTaskThread "GC Thread#3" [stack: 0x000000c5cfb10000,0x000000c5cfc10000] [id=13028]
  0x000001f2c9bbb800 GCTaskThread "GC Thread#4" [stack: 0x000000c5cfe10000,0x000000c5cff10000] [id=14040]
  0x000001f2d3e51800 GCTaskThread "GC Thread#5" [stack: 0x000000c5cff10000,0x000000c5d0010000] [id=12220]
  0x000001f2c9807000 GCTaskThread "GC Thread#6" [stack: 0x000000c5d0010000,0x000000c5d0110000] [id=30144]
  0x000001f2c9818000 GCTaskThread "GC Thread#7" [stack: 0x000000c5d0110000,0x000000c5d0210000] [id=19424]
  0x000001f2a4c67000 ConcurrentGCThread "G1 Main Marker" [stack: 0x000000c5cdf00000,0x000000c5ce000000] [id=11548]
  0x000001f2a4c69800 ConcurrentGCThread "G1 Conc#0" [stack: 0x000000c5ce000000,0x000000c5ce100000] [id=15676]
  0x000001f2c8c70800 ConcurrentGCThread "G1 Refine#0" [stack: 0x000000c5ce100000,0x000000c5ce200000] [id=14424]
  0x000001f2c8c72000 ConcurrentGCThread "G1 Young RemSet Sampling" [stack: 0x000000c5ce200000,0x000000c5ce300000] [id=13268]

Threads with active compile tasks:
C2 CompilerThread0  4670995 1122  s    4       com.company.MainView::minimax (222 bytes)
C2 CompilerThread1  4670995 1118       4       com.company.MainView::checkIfWin (259 bytes)

VM state:at safepoint (normal execution)

VM Mutex/Monitor currently owned by a thread:  ([mutex/lock_event])
[0x000001f2a4bda440] Threads_lock - owner thread: 0x000001f2c8d83000
[0x000001f2a4bda200] Heap_lock - owner thread: 0x000001f2d4023000

Heap address: 0x0000000701e00000, size: 4066 MB, Compressed Oops mode: Zero based, Oop shift amount: 3
Narrow klass base: 0x0000000800000000, Narrow klass shift: 3
Compressed class space size: 1073741824 Address: 0x0000000800b30000

Heap:
 garbage-first heap   total 262144K, used 23552K [0x0000000701e00000, 0x0000000800000000)
  region size 1024K, 26 young (26624K), 3 survivors (3072K)
 Metaspace       used 8625K, capacity 8923K, committed 9088K, reserved 1056768K
  class space    used 1011K, capacity 1139K, committed 1152K, reserved 1048576K
Heap Regions: E=young(eden), S=young(survivor), O=old, HS=humongous(starts), HC=humongous(continues), CS=collection set, F=free, OA=open archive, CA=closed archive, TAMS=top-at-mark-start (previous, next)
|   0|0x0000000701e00000, 0x0000000701e00000, 0x0000000701f00000|  0%| F|  |TAMS 0x0000000701e00000, 0x0000000701e00000| Untracked 
|   1|0x0000000701f00000, 0x0000000701f00000, 0x0000000702000000|  0%| F|  |TAMS 0x0000000701f00000, 0x0000000701f00000| Untracked 
|   2|0x0000000702000000, 0x0000000702000000, 0x0000000702100000|  0%| F|  |TAMS 0x0000000702000000, 0x0000000702000000| Untracked 
|   3|0x0000000702100000, 0x0000000702100000, 0x0000000702200000|  0%| F|  |TAMS 0x0000000702100000, 0x0000000702100000| Untracked 
|   4|0x0000000702200000, 0x0000000702200000, 0x0000000702300000|  0%| F|  |TAMS 0x0000000702200000, 0x0000000702200000| Untracked 
|   5|0x0000000702300000, 0x0000000702300000, 0x0000000702400000|  0%| F|  |TAMS 0x0000000702300000, 0x0000000702300000| Untracked 
|   6|0x0000000702400000, 0x0000000702400000, 0x0000000702500000|  0%| F|  |TAMS 0x0000000702400000, 0x0000000702400000| Untracked 
|   7|0x0000000702500000, 0x0000000702500000, 0x0000000702600000|  0%| F|  |TAMS 0x0000000702500000, 0x0000000702500000| Untracked 
|   8|0x0000000702600000, 0x0000000702600000, 0x0000000702700000|  0%| F|  |TAMS 0x0000000702600000, 0x0000000702600000| Untracked 
|   9|0x0000000702700000, 0x0000000702700000, 0x0000000702800000|  0%| F|  |TAMS 0x0000000702700000, 0x0000000702700000| Untracked 
|  10|0x0000000702800000, 0x0000000702800000, 0x0000000702900000|  0%| F|  |TAMS 0x0000000702800000, 0x0000000702800000| Untracked 
|  11|0x0000000702900000, 0x0000000702900000, 0x0000000702a00000|  0%| F|  |TAMS 0x0000000702900000, 0x0000000702900000| Untracked 
|  12|0x0000000702a00000, 0x0000000702a00000, 0x0000000702b00000|  0%| F|  |TAMS 0x0000000702a00000, 0x0000000702a00000| Untracked 
|  13|0x0000000702b00000, 0x0000000702b00000, 0x0000000702c00000|  0%| F|  |TAMS 0x0000000702b00000, 0x0000000702b00000| Untracked 
|  14|0x0000000702c00000, 0x0000000702c00000, 0x0000000702d00000|  0%| F|  |TAMS 0x0000000702c00000, 0x0000000702c00000| Untracked 
|  15|0x0000000702d00000, 0x0000000702d00000, 0x0000000702e00000|  0%| F|  |TAMS 0x0000000702d00000, 0x0000000702d00000| Untracked 
|  16|0x0000000702e00000, 0x0000000702e00000, 0x0000000702f00000|  0%| F|  |TAMS 0x0000000702e00000, 0x0000000702e00000| Untracked 
|  17|0x0000000702f00000, 0x0000000702f00000, 0x0000000703000000|  0%| F|  |TAMS 0x0000000702f00000, 0x0000000702f00000| Untracked 
|  18|0x0000000703000000, 0x0000000703000000, 0x0000000703100000|  0%| F|  |TAMS 0x0000000703000000, 0x0000000703000000| Untracked 
|  19|0x0000000703100000, 0x0000000703100000, 0x0000000703200000|  0%| F|  |TAMS 0x0000000703100000, 0x0000000703100000| Untracked 
|  20|0x0000000703200000, 0x0000000703200000, 0x0000000703300000|  0%| F|  |TAMS 0x0000000703200000, 0x0000000703200000| Untracked 
|  21|0x0000000703300000, 0x0000000703300000, 0x0000000703400000|  0%| F|  |TAMS 0x0000000703300000, 0x0000000703300000| Untracked 
|  22|0x0000000703400000, 0x0000000703400000, 0x0000000703500000|  0%| F|  |TAMS 0x0000000703400000, 0x0000000703400000| Untracked 
|  23|0x0000000703500000, 0x0000000703500000, 0x0000000703600000|  0%| F|  |TAMS 0x0000000703500000, 0x0000000703500000| Untracked 
|  24|0x0000000703600000, 0x0000000703600000, 0x0000000703700000|  0%| F|  |TAMS 0x0000000703600000, 0x0000000703600000| Untracked 
|  25|0x0000000703700000, 0x0000000703700000, 0x0000000703800000|  0%| F|  |TAMS 0x0000000703700000, 0x0000000703700000| Untracked 
|  26|0x0000000703800000, 0x0000000703800000, 0x0000000703900000|  0%| F|  |TAMS 0x0000000703800000, 0x0000000703800000| Untracked 
|  27|0x0000000703900000, 0x0000000703900000, 0x0000000703a00000|  0%| F|  |TAMS 0x0000000703900000, 0x0000000703900000| Untracked 
|  28|0x0000000703a00000, 0x0000000703a00000, 0x0000000703b00000|  0%| F|  |TAMS 0x0000000703a00000, 0x0000000703a00000| Untracked 
|  29|0x0000000703b00000, 0x0000000703b00000, 0x0000000703c00000|  0%| F|  |TAMS 0x0000000703b00000, 0x0000000703b00000| Untracked 
|  30|0x0000000703c00000, 0x0000000703c00000, 0x0000000703d00000|  0%| F|  |TAMS 0x0000000703c00000, 0x0000000703c00000| Untracked 
|  31|0x0000000703d00000, 0x0000000703d00000, 0x0000000703e00000|  0%| F|  |TAMS 0x0000000703d00000, 0x0000000703d00000| Untracked 
|  32|0x0000000703e00000, 0x0000000703e00000, 0x0000000703f00000|  0%| F|  |TAMS 0x0000000703e00000, 0x0000000703e00000| Untracked 
|  33|0x0000000703f00000, 0x0000000703f00000, 0x0000000704000000|  0%| F|  |TAMS 0x0000000703f00000, 0x0000000703f00000| Untracked 
|  34|0x0000000704000000, 0x0000000704000000, 0x0000000704100000|  0%| F|  |TAMS 0x0000000704000000, 0x0000000704000000| Untracked 
|  35|0x0000000704100000, 0x0000000704100000, 0x0000000704200000|  0%| F|  |TAMS 0x0000000704100000, 0x0000000704100000| Untracked 
|  36|0x0000000704200000, 0x0000000704200000, 0x0000000704300000|  0%| F|  |TAMS 0x0000000704200000, 0x0000000704200000| Untracked 
|  37|0x0000000704300000, 0x0000000704300000, 0x0000000704400000|  0%| F|  |TAMS 0x0000000704300000, 0x0000000704300000| Untracked 
|  38|0x0000000704400000, 0x0000000704400000, 0x0000000704500000|  0%| F|  |TAMS 0x0000000704400000, 0x0000000704400000| Untracked 
|  39|0x0000000704500000, 0x0000000704500000, 0x0000000704600000|  0%| F|  |TAMS 0x0000000704500000, 0x0000000704500000| Untracked 
|  40|0x0000000704600000, 0x0000000704600000, 0x0000000704700000|  0%| F|  |TAMS 0x0000000704600000, 0x0000000704600000| Untracked 
|  41|0x0000000704700000, 0x0000000704700000, 0x0000000704800000|  0%| F|  |TAMS 0x0000000704700000, 0x0000000704700000| Untracked 
|  42|0x0000000704800000, 0x0000000704800000, 0x0000000704900000|  0%| F|  |TAMS 0x0000000704800000, 0x0000000704800000| Untracked 
|  43|0x0000000704900000, 0x0000000704900000, 0x0000000704a00000|  0%| F|  |TAMS 0x0000000704900000, 0x0000000704900000| Untracked 
|  44|0x0000000704a00000, 0x0000000704a00000, 0x0000000704b00000|  0%| F|  |TAMS 0x0000000704a00000, 0x0000000704a00000| Untracked 
|  45|0x0000000704b00000, 0x0000000704b00000, 0x0000000704c00000|  0%| F|  |TAMS 0x0000000704b00000, 0x0000000704b00000| Untracked 
|  46|0x0000000704c00000, 0x0000000704c00000, 0x0000000704d00000|  0%| F|  |TAMS 0x0000000704c00000, 0x0000000704c00000| Untracked 
|  47|0x0000000704d00000, 0x0000000704d00000, 0x0000000704e00000|  0%| F|  |TAMS 0x0000000704d00000, 0x0000000704d00000| Untracked 
|  48|0x0000000704e00000, 0x0000000704e00000, 0x0000000704f00000|  0%| F|  |TAMS 0x0000000704e00000, 0x0000000704e00000| Untracked 
|  49|0x0000000704f00000, 0x0000000704f00000, 0x0000000705000000|  0%| F|  |TAMS 0x0000000704f00000, 0x0000000704f00000| Untracked 
|  50|0x0000000705000000, 0x0000000705000000, 0x0000000705100000|  0%| F|  |TAMS 0x0000000705000000, 0x0000000705000000| Untracked 
|  51|0x0000000705100000, 0x0000000705100000, 0x0000000705200000|  0%| F|  |TAMS 0x0000000705100000, 0x0000000705100000| Untracked 
|  52|0x0000000705200000, 0x0000000705200000, 0x0000000705300000|  0%| F|  |TAMS 0x0000000705200000, 0x0000000705200000| Untracked 
|  53|0x0000000705300000, 0x0000000705300000, 0x0000000705400000|  0%| F|  |TAMS 0x0000000705300000, 0x0000000705300000| Untracked 
|  54|0x0000000705400000, 0x0000000705400000, 0x0000000705500000|  0%| F|  |TAMS 0x0000000705400000, 0x0000000705400000| Untracked 
|  55|0x0000000705500000, 0x0000000705500000, 0x0000000705600000|  0%| F|  |TAMS 0x0000000705500000, 0x0000000705500000| Untracked 
|  56|0x0000000705600000, 0x0000000705600000, 0x0000000705700000|  0%| F|  |TAMS 0x0000000705600000, 0x0000000705600000| Untracked 
|  57|0x0000000705700000, 0x0000000705700000, 0x0000000705800000|  0%| F|  |TAMS 0x0000000705700000, 0x0000000705700000| Untracked 
|  58|0x0000000705800000, 0x0000000705800000, 0x0000000705900000|  0%| F|  |TAMS 0x0000000705800000, 0x0000000705800000| Untracked 
|  59|0x0000000705900000, 0x0000000705900000, 0x0000000705a00000|  0%| F|  |TAMS 0x0000000705900000, 0x0000000705900000| Untracked 
|  60|0x0000000705a00000, 0x0000000705a00000, 0x0000000705b00000|  0%| F|  |TAMS 0x0000000705a00000, 0x0000000705a00000| Untracked 
|  61|0x0000000705b00000, 0x0000000705b00000, 0x0000000705c00000|  0%| F|  |TAMS 0x0000000705b00000, 0x0000000705b00000| Untracked 
|  62|0x0000000705c00000, 0x0000000705c00000, 0x0000000705d00000|  0%| F|  |TAMS 0x0000000705c00000, 0x0000000705c00000| Untracked 
|  63|0x0000000705d00000, 0x0000000705d00000, 0x0000000705e00000|  0%| F|  |TAMS 0x0000000705d00000, 0x0000000705d00000| Untracked 
|  64|0x0000000705e00000, 0x0000000705e00000, 0x0000000705f00000|  0%| F|  |TAMS 0x0000000705e00000, 0x0000000705e00000| Untracked 
|  65|0x0000000705f00000, 0x0000000705f00000, 0x0000000706000000|  0%| F|  |TAMS 0x0000000705f00000, 0x0000000705f00000| Untracked 
|  66|0x0000000706000000, 0x0000000706000000, 0x0000000706100000|  0%| F|  |TAMS 0x0000000706000000, 0x0000000706000000| Untracked 
|  67|0x0000000706100000, 0x0000000706100000, 0x0000000706200000|  0%| F|  |TAMS 0x0000000706100000, 0x0000000706100000| Untracked 
|  68|0x0000000706200000, 0x0000000706200000, 0x0000000706300000|  0%| F|  |TAMS 0x0000000706200000, 0x0000000706200000| Untracked 
|  69|0x0000000706300000, 0x0000000706300000, 0x0000000706400000|  0%| F|  |TAMS 0x0000000706300000, 0x0000000706300000| Untracked 
|  70|0x0000000706400000, 0x0000000706400000, 0x0000000706500000|  0%| F|  |TAMS 0x0000000706400000, 0x0000000706400000| Untracked 
|  71|0x0000000706500000, 0x0000000706500000, 0x0000000706600000|  0%| F|  |TAMS 0x0000000706500000, 0x0000000706500000| Untracked 
|  72|0x0000000706600000, 0x0000000706600000, 0x0000000706700000|  0%| F|  |TAMS 0x0000000706600000, 0x0000000706600000| Untracked 
|  73|0x0000000706700000, 0x0000000706700000, 0x0000000706800000|  0%| F|  |TAMS 0x0000000706700000, 0x0000000706700000| Untracked 
|  74|0x0000000706800000, 0x0000000706800000, 0x0000000706900000|  0%| F|  |TAMS 0x0000000706800000, 0x0000000706800000| Untracked 
|  75|0x0000000706900000, 0x0000000706900000, 0x0000000706a00000|  0%| F|  |TAMS 0x0000000706900000, 0x0000000706900000| Untracked 
|  76|0x0000000706a00000, 0x0000000706a00000, 0x0000000706b00000|  0%| F|  |TAMS 0x0000000706a00000, 0x0000000706a00000| Untracked 
|  77|0x0000000706b00000, 0x0000000706b00000, 0x0000000706c00000|  0%| F|  |TAMS 0x0000000706b00000, 0x0000000706b00000| Untracked 
|  78|0x0000000706c00000, 0x0000000706c00000, 0x0000000706d00000|  0%| F|  |TAMS 0x0000000706c00000, 0x0000000706c00000| Untracked 
|  79|0x0000000706d00000, 0x0000000706d00000, 0x0000000706e00000|  0%| F|  |TAMS 0x0000000706d00000, 0x0000000706d00000| Untracked 
|  80|0x0000000706e00000, 0x0000000706e00000, 0x0000000706f00000|  0%| F|  |TAMS 0x0000000706e00000, 0x0000000706e00000| Untracked 
|  81|0x0000000706f00000, 0x0000000706f00000, 0x0000000707000000|  0%| F|  |TAMS 0x0000000706f00000, 0x0000000706f00000| Untracked 
|  82|0x0000000707000000, 0x0000000707000000, 0x0000000707100000|  0%| F|  |TAMS 0x0000000707000000, 0x0000000707000000| Untracked 
|  83|0x0000000707100000, 0x0000000707100000, 0x0000000707200000|  0%| F|  |TAMS 0x0000000707100000, 0x0000000707100000| Untracked 
|  84|0x0000000707200000, 0x0000000707200000, 0x0000000707300000|  0%| F|  |TAMS 0x0000000707200000, 0x0000000707200000| Untracked 
|  85|0x0000000707300000, 0x0000000707300000, 0x0000000707400000|  0%| F|  |TAMS 0x0000000707300000, 0x0000000707300000| Untracked 
|  86|0x0000000707400000, 0x0000000707400000, 0x0000000707500000|  0%| F|  |TAMS 0x0000000707400000, 0x0000000707400000| Untracked 
|  87|0x0000000707500000, 0x0000000707500000, 0x0000000707600000|  0%| F|  |TAMS 0x0000000707500000, 0x0000000707500000| Untracked 
|  88|0x0000000707600000, 0x0000000707600000, 0x0000000707700000|  0%| F|  |TAMS 0x0000000707600000, 0x0000000707600000| Untracked 
|  89|0x0000000707700000, 0x0000000707700000, 0x0000000707800000|  0%| F|  |TAMS 0x0000000707700000, 0x0000000707700000| Untracked 
|  90|0x0000000707800000, 0x0000000707800000, 0x0000000707900000|  0%| F|  |TAMS 0x0000000707800000, 0x0000000707800000| Untracked 
|  91|0x0000000707900000, 0x0000000707900000, 0x0000000707a00000|  0%| F|  |TAMS 0x0000000707900000, 0x0000000707900000| Untracked 
|  92|0x0000000707a00000, 0x0000000707a00000, 0x0000000707b00000|  0%| F|  |TAMS 0x0000000707a00000, 0x0000000707a00000| Untracked 
|  93|0x0000000707b00000, 0x0000000707b00000, 0x0000000707c00000|  0%| F|  |TAMS 0x0000000707b00000, 0x0000000707b00000| Untracked 
|  94|0x0000000707c00000, 0x0000000707c00000, 0x0000000707d00000|  0%| F|  |TAMS 0x0000000707c00000, 0x0000000707c00000| Untracked 
|  95|0x0000000707d00000, 0x0000000707d00000, 0x0000000707e00000|  0%| F|  |TAMS 0x0000000707d00000, 0x0000000707d00000| Untracked 
|  96|0x0000000707e00000, 0x0000000707e00000, 0x0000000707f00000|  0%| F|  |TAMS 0x0000000707e00000, 0x0000000707e00000| Untracked 
|  97|0x0000000707f00000, 0x0000000707f00000, 0x0000000708000000|  0%| F|  |TAMS 0x0000000707f00000, 0x0000000707f00000| Untracked 
|  98|0x0000000708000000, 0x0000000708000000, 0x0000000708100000|  0%| F|  |TAMS 0x0000000708000000, 0x0000000708000000| Untracked 
|  99|0x0000000708100000, 0x0000000708100000, 0x0000000708200000|  0%| F|  |TAMS 0x0000000708100000, 0x0000000708100000| Untracked 
| 100|0x0000000708200000, 0x0000000708200000, 0x0000000708300000|  0%| F|  |TAMS 0x0000000708200000, 0x0000000708200000| Untracked 
| 101|0x0000000708300000, 0x0000000708300000, 0x0000000708400000|  0%| F|  |TAMS 0x0000000708300000, 0x0000000708300000| Untracked 
| 102|0x0000000708400000, 0x0000000708400000, 0x0000000708500000|  0%| F|  |TAMS 0x0000000708400000, 0x0000000708400000| Untracked 
| 103|0x0000000708500000, 0x0000000708500000, 0x0000000708600000|  0%| F|  |TAMS 0x0000000708500000, 0x0000000708500000| Untracked 
| 104|0x0000000708600000, 0x0000000708600000, 0x0000000708700000|  0%| F|  |TAMS 0x0000000708600000, 0x0000000708600000| Untracked 
| 105|0x0000000708700000, 0x0000000708700000, 0x0000000708800000|  0%| F|  |TAMS 0x0000000708700000, 0x0000000708700000| Untracked 
| 106|0x0000000708800000, 0x0000000708800000, 0x0000000708900000|  0%| F|  |TAMS 0x0000000708800000, 0x0000000708800000| Untracked 
| 107|0x0000000708900000, 0x0000000708900000, 0x0000000708a00000|  0%| F|  |TAMS 0x0000000708900000, 0x0000000708900000| Untracked 
| 108|0x0000000708a00000, 0x0000000708a00000, 0x0000000708b00000|  0%| F|  |TAMS 0x0000000708a00000, 0x0000000708a00000| Untracked 
| 109|0x0000000708b00000, 0x0000000708b00000, 0x0000000708c00000|  0%| F|  |TAMS 0x0000000708b00000, 0x0000000708b00000| Untracked 
| 110|0x0000000708c00000, 0x0000000708c00000, 0x0000000708d00000|  0%| F|  |TAMS 0x0000000708c00000, 0x0000000708c00000| Untracked 
| 111|0x0000000708d00000, 0x0000000708d00000, 0x0000000708e00000|  0%| F|  |TAMS 0x0000000708d00000, 0x0000000708d00000| Untracked 
| 112|0x0000000708e00000, 0x0000000708e00000, 0x0000000708f00000|  0%| F|  |TAMS 0x0000000708e00000, 0x0000000708e00000| Untracked 
| 113|0x0000000708f00000, 0x0000000708f00000, 0x0000000709000000|  0%| F|  |TAMS 0x0000000708f00000, 0x0000000708f00000| Untracked 
| 114|0x0000000709000000, 0x0000000709000000, 0x0000000709100000|  0%| F|  |TAMS 0x0000000709000000, 0x0000000709000000| Untracked 
| 115|0x0000000709100000, 0x0000000709100000, 0x0000000709200000|  0%| F|  |TAMS 0x0000000709100000, 0x0000000709100000| Untracked 
| 116|0x0000000709200000, 0x0000000709200000, 0x0000000709300000|  0%| F|  |TAMS 0x0000000709200000, 0x0000000709200000| Untracked 
| 117|0x0000000709300000, 0x0000000709300000, 0x0000000709400000|  0%| F|  |TAMS 0x0000000709300000, 0x0000000709300000| Untracked 
| 118|0x0000000709400000, 0x0000000709400000, 0x0000000709500000|  0%| F|  |TAMS 0x0000000709400000, 0x0000000709400000| Untracked 
| 119|0x0000000709500000, 0x0000000709500000, 0x0000000709600000|  0%| F|  |TAMS 0x0000000709500000, 0x0000000709500000| Untracked 
| 120|0x0000000709600000, 0x0000000709600000, 0x0000000709700000|  0%| F|  |TAMS 0x0000000709600000, 0x0000000709600000| Untracked 
| 121|0x0000000709700000, 0x0000000709700000, 0x0000000709800000|  0%| F|  |TAMS 0x0000000709700000, 0x0000000709700000| Untracked 
| 122|0x0000000709800000, 0x0000000709800000, 0x0000000709900000|  0%| F|  |TAMS 0x0000000709800000, 0x0000000709800000| Untracked 
| 123|0x0000000709900000, 0x0000000709900000, 0x0000000709a00000|  0%| F|  |TAMS 0x0000000709900000, 0x0000000709900000| Untracked 
| 124|0x0000000709a00000, 0x0000000709a00000, 0x0000000709b00000|  0%| F|  |TAMS 0x0000000709a00000, 0x0000000709a00000| Untracked 
| 125|0x0000000709b00000, 0x0000000709b00000, 0x0000000709c00000|  0%| F|  |TAMS 0x0000000709b00000, 0x0000000709b00000| Untracked 
| 126|0x0000000709c00000, 0x0000000709c00000, 0x0000000709d00000|  0%| F|  |TAMS 0x0000000709c00000, 0x0000000709c00000| Untracked 
| 127|0x0000000709d00000, 0x0000000709d00000, 0x0000000709e00000|  0%| F|  |TAMS 0x0000000709d00000, 0x0000000709d00000| Untracked 
| 128|0x0000000709e00000, 0x0000000709e00000, 0x0000000709f00000|  0%| F|  |TAMS 0x0000000709e00000, 0x0000000709e00000| Untracked 
| 129|0x0000000709f00000, 0x0000000709f00000, 0x000000070a000000|  0%| F|  |TAMS 0x0000000709f00000, 0x0000000709f00000| Untracked 
| 130|0x000000070a000000, 0x000000070a000000, 0x000000070a100000|  0%| F|  |TAMS 0x000000070a000000, 0x000000070a000000| Untracked 
| 131|0x000000070a100000, 0x000000070a100000, 0x000000070a200000|  0%| F|  |TAMS 0x000000070a100000, 0x000000070a100000| Untracked 
| 132|0x000000070a200000, 0x000000070a200000, 0x000000070a300000|  0%| F|  |TAMS 0x000000070a200000, 0x000000070a200000| Untracked 
| 133|0x000000070a300000, 0x000000070a300000, 0x000000070a400000|  0%| F|  |TAMS 0x000000070a300000, 0x000000070a300000| Untracked 
| 134|0x000000070a400000, 0x000000070a400000, 0x000000070a500000|  0%| F|  |TAMS 0x000000070a400000, 0x000000070a400000| Untracked 
| 135|0x000000070a500000, 0x000000070a500000, 0x000000070a600000|  0%| F|  |TAMS 0x000000070a500000, 0x000000070a500000| Untracked 
| 136|0x000000070a600000, 0x000000070a600000, 0x000000070a700000|  0%| F|  |TAMS 0x000000070a600000, 0x000000070a600000| Untracked 
| 137|0x000000070a700000, 0x000000070a700000, 0x000000070a800000|  0%| F|  |TAMS 0x000000070a700000, 0x000000070a700000| Untracked 
| 138|0x000000070a800000, 0x000000070a800000, 0x000000070a900000|  0%| F|  |TAMS 0x000000070a800000, 0x000000070a800000| Untracked 
| 139|0x000000070a900000, 0x000000070a900000, 0x000000070aa00000|  0%| F|  |TAMS 0x000000070a900000, 0x000000070a900000| Untracked 
| 140|0x000000070aa00000, 0x000000070aa00000, 0x000000070ab00000|  0%| F|  |TAMS 0x000000070aa00000, 0x000000070aa00000| Untracked 
| 141|0x000000070ab00000, 0x000000070ab00000, 0x000000070ac00000|  0%| F|  |TAMS 0x000000070ab00000, 0x000000070ab00000| Untracked 
| 142|0x000000070ac00000, 0x000000070ac00000, 0x000000070ad00000|  0%| F|  |TAMS 0x000000070ac00000, 0x000000070ac00000| Untracked 
| 143|0x000000070ad00000, 0x000000070ad00000, 0x000000070ae00000|  0%| F|  |TAMS 0x000000070ad00000, 0x000000070ad00000| Untracked 
| 144|0x000000070ae00000, 0x000000070ae00000, 0x000000070af00000|  0%| F|  |TAMS 0x000000070ae00000, 0x000000070ae00000| Untracked 
| 145|0x000000070af00000, 0x000000070af00000, 0x000000070b000000|  0%| F|  |TAMS 0x000000070af00000, 0x000000070af00000| Untracked 
| 146|0x000000070b000000, 0x000000070b000000, 0x000000070b100000|  0%| F|  |TAMS 0x000000070b000000, 0x000000070b000000| Untracked 
| 147|0x000000070b100000, 0x000000070b100000, 0x000000070b200000|  0%| F|  |TAMS 0x000000070b100000, 0x000000070b100000| Untracked 
| 148|0x000000070b200000, 0x000000070b200000, 0x000000070b300000|  0%| F|  |TAMS 0x000000070b200000, 0x000000070b200000| Untracked 
| 149|0x000000070b300000, 0x000000070b300000, 0x000000070b400000|  0%| F|  |TAMS 0x000000070b300000, 0x000000070b300000| Untracked 
| 150|0x000000070b400000, 0x000000070b400000, 0x000000070b500000|  0%| F|  |TAMS 0x000000070b400000, 0x000000070b400000| Untracked 
| 151|0x000000070b500000, 0x000000070b500000, 0x000000070b600000|  0%| F|  |TAMS 0x000000070b500000, 0x000000070b500000| Untracked 
| 152|0x000000070b600000, 0x000000070b600000, 0x000000070b700000|  0%| F|  |TAMS 0x000000070b600000, 0x000000070b600000| Untracked 
| 153|0x000000070b700000, 0x000000070b700000, 0x000000070b800000|  0%| F|  |TAMS 0x000000070b700000, 0x000000070b700000| Untracked 
| 154|0x000000070b800000, 0x000000070b800000, 0x000000070b900000|  0%| F|  |TAMS 0x000000070b800000, 0x000000070b800000| Untracked 
| 155|0x000000070b900000, 0x000000070b900000, 0x000000070ba00000|  0%| F|  |TAMS 0x000000070b900000, 0x000000070b900000| Untracked 
| 156|0x000000070ba00000, 0x000000070ba00000, 0x000000070bb00000|  0%| F|  |TAMS 0x000000070ba00000, 0x000000070ba00000| Untracked 
| 157|0x000000070bb00000, 0x000000070bb00000, 0x000000070bc00000|  0%| F|  |TAMS 0x000000070bb00000, 0x000000070bb00000| Untracked 
| 158|0x000000070bc00000, 0x000000070bc00000, 0x000000070bd00000|  0%| F|  |TAMS 0x000000070bc00000, 0x000000070bc00000| Untracked 
| 159|0x000000070bd00000, 0x000000070bd00000, 0x000000070be00000|  0%| F|  |TAMS 0x000000070bd00000, 0x000000070bd00000| Untracked 
| 160|0x000000070be00000, 0x000000070be00000, 0x000000070bf00000|  0%| F|  |TAMS 0x000000070be00000, 0x000000070be00000| Untracked 
| 161|0x000000070bf00000, 0x000000070bf00000, 0x000000070c000000|  0%| F|  |TAMS 0x000000070bf00000, 0x000000070bf00000| Untracked 
| 162|0x000000070c000000, 0x000000070c000000, 0x000000070c100000|  0%| F|  |TAMS 0x000000070c000000, 0x000000070c000000| Untracked 
| 163|0x000000070c100000, 0x000000070c100000, 0x000000070c200000|  0%| F|  |TAMS 0x000000070c100000, 0x000000070c100000| Untracked 
| 164|0x000000070c200000, 0x000000070c200000, 0x000000070c300000|  0%| F|  |TAMS 0x000000070c200000, 0x000000070c200000| Untracked 
| 165|0x000000070c300000, 0x000000070c300000, 0x000000070c400000|  0%| F|  |TAMS 0x000000070c300000, 0x000000070c300000| Untracked 
| 166|0x000000070c400000, 0x000000070c400000, 0x000000070c500000|  0%| F|  |TAMS 0x000000070c400000, 0x000000070c400000| Untracked 
| 167|0x000000070c500000, 0x000000070c500000, 0x000000070c600000|  0%| F|  |TAMS 0x000000070c500000, 0x000000070c500000| Untracked 
| 168|0x000000070c600000, 0x000000070c600000, 0x000000070c700000|  0%| F|  |TAMS 0x000000070c600000, 0x000000070c600000| Untracked 
| 169|0x000000070c700000, 0x000000070c700000, 0x000000070c800000|  0%| F|  |TAMS 0x000000070c700000, 0x000000070c700000| Untracked 
| 170|0x000000070c800000, 0x000000070c800000, 0x000000070c900000|  0%| F|  |TAMS 0x000000070c800000, 0x000000070c800000| Untracked 
| 171|0x000000070c900000, 0x000000070c900000, 0x000000070ca00000|  0%| F|  |TAMS 0x000000070c900000, 0x000000070c900000| Untracked 
| 172|0x000000070ca00000, 0x000000070ca00000, 0x000000070cb00000|  0%| F|  |TAMS 0x000000070ca00000, 0x000000070ca00000| Untracked 
| 173|0x000000070cb00000, 0x000000070cb00000, 0x000000070cc00000|  0%| F|  |TAMS 0x000000070cb00000, 0x000000070cb00000| Untracked 
| 174|0x000000070cc00000, 0x000000070cc00000, 0x000000070cd00000|  0%| F|  |TAMS 0x000000070cc00000, 0x000000070cc00000| Untracked 
| 175|0x000000070cd00000, 0x000000070cd00000, 0x000000070ce00000|  0%| F|  |TAMS 0x000000070cd00000, 0x000000070cd00000| Untracked 
| 176|0x000000070ce00000, 0x000000070ce00000, 0x000000070cf00000|  0%| F|  |TAMS 0x000000070ce00000, 0x000000070ce00000| Untracked 
| 177|0x000000070cf00000, 0x000000070cf00000, 0x000000070d000000|  0%| F|  |TAMS 0x000000070cf00000, 0x000000070cf00000| Untracked 
| 178|0x000000070d000000, 0x000000070d000000, 0x000000070d100000|  0%| F|  |TAMS 0x000000070d000000, 0x000000070d000000| Untracked 
| 179|0x000000070d100000, 0x000000070d100000, 0x000000070d200000|  0%| F|  |TAMS 0x000000070d100000, 0x000000070d100000| Untracked 
| 180|0x000000070d200000, 0x000000070d200000, 0x000000070d300000|  0%| F|  |TAMS 0x000000070d200000, 0x000000070d200000| Untracked 
| 181|0x000000070d300000, 0x000000070d300000, 0x000000070d400000|  0%| F|  |TAMS 0x000000070d300000, 0x000000070d300000| Untracked 
| 182|0x000000070d400000, 0x000000070d400000, 0x000000070d500000|  0%| F|  |TAMS 0x000000070d400000, 0x000000070d400000| Untracked 
| 183|0x000000070d500000, 0x000000070d500000, 0x000000070d600000|  0%| F|  |TAMS 0x000000070d500000, 0x000000070d500000| Untracked 
| 184|0x000000070d600000, 0x000000070d600000, 0x000000070d700000|  0%| F|  |TAMS 0x000000070d600000, 0x000000070d600000| Untracked 
| 185|0x000000070d700000, 0x000000070d700000, 0x000000070d800000|  0%| F|  |TAMS 0x000000070d700000, 0x000000070d700000| Untracked 
| 186|0x000000070d800000, 0x000000070d800000, 0x000000070d900000|  0%| F|  |TAMS 0x000000070d800000, 0x000000070d800000| Untracked 
| 187|0x000000070d900000, 0x000000070d900000, 0x000000070da00000|  0%| F|  |TAMS 0x000000070d900000, 0x000000070d900000| Untracked 
| 188|0x000000070da00000, 0x000000070da00000, 0x000000070db00000|  0%| F|  |TAMS 0x000000070da00000, 0x000000070da00000| Untracked 
| 189|0x000000070db00000, 0x000000070db00000, 0x000000070dc00000|  0%| F|  |TAMS 0x000000070db00000, 0x000000070db00000| Untracked 
| 190|0x000000070dc00000, 0x000000070dc00000, 0x000000070dd00000|  0%| F|  |TAMS 0x000000070dc00000, 0x000000070dc00000| Untracked 
| 191|0x000000070dd00000, 0x000000070dd00000, 0x000000070de00000|  0%| F|  |TAMS 0x000000070dd00000, 0x000000070dd00000| Untracked 
| 192|0x000000070de00000, 0x000000070de00000, 0x000000070df00000|  0%| F|  |TAMS 0x000000070de00000, 0x000000070de00000| Untracked 
| 193|0x000000070df00000, 0x000000070df00000, 0x000000070e000000|  0%| F|  |TAMS 0x000000070df00000, 0x000000070df00000| Untracked 
| 194|0x000000070e000000, 0x000000070e000000, 0x000000070e100000|  0%| F|  |TAMS 0x000000070e000000, 0x000000070e000000| Untracked 
| 195|0x000000070e100000, 0x000000070e100000, 0x000000070e200000|  0%| F|  |TAMS 0x000000070e100000, 0x000000070e100000| Untracked 
| 196|0x000000070e200000, 0x000000070e200000, 0x000000070e300000|  0%| F|  |TAMS 0x000000070e200000, 0x000000070e200000| Untracked 
| 197|0x000000070e300000, 0x000000070e300000, 0x000000070e400000|  0%| F|  |TAMS 0x000000070e300000, 0x000000070e300000| Untracked 
| 198|0x000000070e400000, 0x000000070e400000, 0x000000070e500000|  0%| F|  |TAMS 0x000000070e400000, 0x000000070e400000| Untracked 
| 199|0x000000070e500000, 0x000000070e500000, 0x000000070e600000|  0%| F|  |TAMS 0x000000070e500000, 0x000000070e500000| Untracked 
| 200|0x000000070e600000, 0x000000070e600000, 0x000000070e700000|  0%| F|  |TAMS 0x000000070e600000, 0x000000070e600000| Untracked 
| 201|0x000000070e700000, 0x000000070e700000, 0x000000070e800000|  0%| F|  |TAMS 0x000000070e700000, 0x000000070e700000| Untracked 
| 202|0x000000070e800000, 0x000000070e800000, 0x000000070e900000|  0%| F|  |TAMS 0x000000070e800000, 0x000000070e800000| Untracked 
| 203|0x000000070e900000, 0x000000070e900000, 0x000000070ea00000|  0%| F|  |TAMS 0x000000070e900000, 0x000000070e900000| Untracked 
| 204|0x000000070ea00000, 0x000000070ea00000, 0x000000070eb00000|  0%| F|  |TAMS 0x000000070ea00000, 0x000000070ea00000| Untracked 
| 205|0x000000070eb00000, 0x000000070eb00000, 0x000000070ec00000|  0%| F|  |TAMS 0x000000070eb00000, 0x000000070eb00000| Untracked 
| 206|0x000000070ec00000, 0x000000070ec00000, 0x000000070ed00000|  0%| F|  |TAMS 0x000000070ec00000, 0x000000070ec00000| Untracked 
| 207|0x000000070ed00000, 0x000000070ed00000, 0x000000070ee00000|  0%| F|  |TAMS 0x000000070ed00000, 0x000000070ed00000| Untracked 
| 208|0x000000070ee00000, 0x000000070ee00000, 0x000000070ef00000|  0%| F|  |TAMS 0x000000070ee00000, 0x000000070ee00000| Untracked 
| 209|0x000000070ef00000, 0x000000070ef00000, 0x000000070f000000|  0%| F|  |TAMS 0x000000070ef00000, 0x000000070ef00000| Untracked 
| 210|0x000000070f000000, 0x000000070f000000, 0x000000070f100000|  0%| F|  |TAMS 0x000000070f000000, 0x000000070f000000| Untracked 
| 211|0x000000070f100000, 0x000000070f100000, 0x000000070f200000|  0%| F|  |TAMS 0x000000070f100000, 0x000000070f100000| Untracked 
| 212|0x000000070f200000, 0x000000070f200000, 0x000000070f300000|  0%| F|  |TAMS 0x000000070f200000, 0x000000070f200000| Untracked 
| 213|0x000000070f300000, 0x000000070f300000, 0x000000070f400000|  0%| F|  |TAMS 0x000000070f300000, 0x000000070f300000| Untracked 
| 214|0x000000070f400000, 0x000000070f400000, 0x000000070f500000|  0%| F|  |TAMS 0x000000070f400000, 0x000000070f400000| Untracked 
| 215|0x000000070f500000, 0x000000070f500000, 0x000000070f600000|  0%| F|  |TAMS 0x000000070f500000, 0x000000070f500000| Untracked 
| 216|0x000000070f600000, 0x000000070f600000, 0x000000070f700000|  0%| F|  |TAMS 0x000000070f600000, 0x000000070f600000| Untracked 
| 217|0x000000070f700000, 0x000000070f700000, 0x000000070f800000|  0%| F|  |TAMS 0x000000070f700000, 0x000000070f700000| Untracked 
| 218|0x000000070f800000, 0x000000070f800000, 0x000000070f900000|  0%| F|  |TAMS 0x000000070f800000, 0x000000070f800000| Untracked 
| 219|0x000000070f900000, 0x000000070f900000, 0x000000070fa00000|  0%| F|  |TAMS 0x000000070f900000, 0x000000070f900000| Untracked 
| 220|0x000000070fa00000, 0x000000070fa00000, 0x000000070fb00000|  0%| F|  |TAMS 0x000000070fa00000, 0x000000070fa00000| Untracked 
| 221|0x000000070fb00000, 0x000000070fb00000, 0x000000070fc00000|  0%| F|  |TAMS 0x000000070fb00000, 0x000000070fb00000| Untracked 
| 222|0x000000070fc00000, 0x000000070fc00000, 0x000000070fd00000|  0%| F|  |TAMS 0x000000070fc00000, 0x000000070fc00000| Untracked 
| 223|0x000000070fd00000, 0x000000070fd00000, 0x000000070fe00000|  0%| F|  |TAMS 0x000000070fd00000, 0x000000070fd00000| Untracked 
| 224|0x000000070fe00000, 0x000000070fe00000, 0x000000070ff00000|  0%| F|  |TAMS 0x000000070fe00000, 0x000000070fe00000| Untracked 
| 225|0x000000070ff00000, 0x000000070ff00000, 0x0000000710000000|  0%| F|  |TAMS 0x000000070ff00000, 0x000000070ff00000| Untracked 
| 226|0x0000000710000000, 0x0000000710000000, 0x0000000710100000|  0%| F|  |TAMS 0x0000000710000000, 0x0000000710000000| Untracked 
| 227|0x0000000710100000, 0x0000000710100000, 0x0000000710200000|  0%| F|  |TAMS 0x0000000710100000, 0x0000000710100000| Untracked 
| 228|0x0000000710200000, 0x0000000710200000, 0x0000000710300000|  0%| F|  |TAMS 0x0000000710200000, 0x0000000710200000| Untracked 
| 229|0x0000000710300000, 0x0000000710300000, 0x0000000710400000|  0%| F|  |TAMS 0x0000000710300000, 0x0000000710300000| Untracked 
| 230|0x0000000710400000, 0x000000071045e378, 0x0000000710500000| 36%| S|  |TAMS 0x0000000710400000, 0x0000000710400000| Complete 
| 231|0x0000000710500000, 0x0000000710600000, 0x0000000710600000|100%| S|  |TAMS 0x0000000710500000, 0x0000000710500000| Complete 
| 232|0x0000000710600000, 0x0000000710700000, 0x0000000710700000|100%| S|  |TAMS 0x0000000710600000, 0x0000000710600000| Complete 
| 233|0x0000000710700000, 0x0000000710800000, 0x0000000710800000|100%| E|CS|TAMS 0x0000000710700000, 0x0000000710700000| Complete 
| 234|0x0000000710800000, 0x0000000710900000, 0x0000000710900000|100%| E|CS|TAMS 0x0000000710800000, 0x0000000710800000| Complete 
| 235|0x0000000710900000, 0x0000000710a00000, 0x0000000710a00000|100%| E|CS|TAMS 0x0000000710900000, 0x0000000710900000| Complete 
| 236|0x0000000710a00000, 0x0000000710b00000, 0x0000000710b00000|100%| E|CS|TAMS 0x0000000710a00000, 0x0000000710a00000| Complete 
| 237|0x0000000710b00000, 0x0000000710c00000, 0x0000000710c00000|100%| E|CS|TAMS 0x0000000710b00000, 0x0000000710b00000| Complete 
| 238|0x0000000710c00000, 0x0000000710d00000, 0x0000000710d00000|100%| E|CS|TAMS 0x0000000710c00000, 0x0000000710c00000| Complete 
| 239|0x0000000710d00000, 0x0000000710e00000, 0x0000000710e00000|100%| E|CS|TAMS 0x0000000710d00000, 0x0000000710d00000| Complete 
| 240|0x0000000710e00000, 0x0000000710f00000, 0x0000000710f00000|100%| E|CS|TAMS 0x0000000710e00000, 0x0000000710e00000| Complete 
| 241|0x0000000710f00000, 0x0000000711000000, 0x0000000711000000|100%| E|CS|TAMS 0x0000000710f00000, 0x0000000710f00000| Complete 
| 242|0x0000000711000000, 0x0000000711100000, 0x0000000711100000|100%| E|CS|TAMS 0x0000000711000000, 0x0000000711000000| Complete 
| 243|0x0000000711100000, 0x0000000711200000, 0x0000000711200000|100%| E|CS|TAMS 0x0000000711100000, 0x0000000711100000| Complete 
| 244|0x0000000711200000, 0x0000000711300000, 0x0000000711300000|100%| E|CS|TAMS 0x0000000711200000, 0x0000000711200000| Complete 
| 245|0x0000000711300000, 0x0000000711400000, 0x0000000711400000|100%| E|CS|TAMS 0x0000000711300000, 0x0000000711300000| Complete 
| 246|0x0000000711400000, 0x0000000711500000, 0x0000000711500000|100%| E|CS|TAMS 0x0000000711400000, 0x0000000711400000| Complete 
| 247|0x0000000711500000, 0x0000000711600000, 0x0000000711600000|100%| E|CS|TAMS 0x0000000711500000, 0x0000000711500000| Complete 
| 248|0x0000000711600000, 0x0000000711700000, 0x0000000711700000|100%| E|CS|TAMS 0x0000000711600000, 0x0000000711600000| Complete 
| 249|0x0000000711700000, 0x0000000711800000, 0x0000000711800000|100%| E|CS|TAMS 0x0000000711700000, 0x0000000711700000| Complete 
| 250|0x0000000711800000, 0x0000000711900000, 0x0000000711900000|100%| E|CS|TAMS 0x0000000711800000, 0x0000000711800000| Complete 
| 251|0x0000000711900000, 0x0000000711a00000, 0x0000000711a00000|100%| E|CS|TAMS 0x0000000711900000, 0x0000000711900000| Complete 
| 252|0x0000000711a00000, 0x0000000711b00000, 0x0000000711b00000|100%| E|CS|TAMS 0x0000000711a00000, 0x0000000711a00000| Complete 
| 253|0x0000000711b00000, 0x0000000711c00000, 0x0000000711c00000|100%| E|CS|TAMS 0x0000000711b00000, 0x0000000711b00000| Complete 
| 254|0x0000000711c00000, 0x0000000711d00000, 0x0000000711d00000|100%| E|CS|TAMS 0x0000000711c00000, 0x0000000711c00000| Complete 
| 255|0x0000000711d00000, 0x0000000711e00000, 0x0000000711e00000|100%| E|CS|TAMS 0x0000000711d00000, 0x0000000711d00000| Complete 

Card table byte_map: [0x000001f2bd0c0000,0x000001f2bd8c0000] _byte_map_base: 0x000001f2b98b1000

Marking Bits (Prev, Next): (CMBitMap*) 0x000001f2a4c466c8, (CMBitMap*) 0x000001f2a4c46708
 Prev Bits: [0x000001f2be0c0000, 0x000001f2c2048000)
 Next Bits: [0x000001f2c2050000, 0x000001f2c5fd8000)

Polling page: 0x000001f2a2bb0000

Metaspace:

Usage:
  Non-class:      7.60 MB capacity,     7.44 MB ( 98%) used,   142.20 KB (  2%) free+waste,    27.50 KB ( <1%) overhead. 
      Class:      1.11 MB capacity,  1011.03 KB ( 89%) used,   111.97 KB ( 10%) free+waste,    16.00 KB (  1%) overhead. 
       Both:      8.71 MB capacity,     8.42 MB ( 97%) used,   254.16 KB (  3%) free+waste,    43.50 KB ( <1%) overhead. 

Virtual space:
  Non-class space:        8.00 MB reserved,       7.75 MB ( 97%) committed 
      Class space:        1.00 GB reserved,       1.13 MB ( <1%) committed 
             Both:        1.01 GB reserved,       8.88 MB ( <1%) committed 

Chunk freelists:
   Non-Class:  24.00 KB
       Class:  13.00 KB
        Both:  37.00 KB

MaxMetaspaceSize: 17179869184.00 GB
CompressedClassSpaceSize: 1.00 GB

CodeHeap 'non-profiled nmethods': size=120000Kb used=372Kb max_used=372Kb free=119627Kb
 bounds [0x000001f2b4e40000, 0x000001f2b50b0000, 0x000001f2bc370000]
CodeHeap 'profiled nmethods': size=120000Kb used=1816Kb max_used=1816Kb free=118184Kb
 bounds [0x000001f2ad910000, 0x000001f2adb80000, 0x000001f2b4e40000]
CodeHeap 'non-nmethods': size=5760Kb used=1385Kb max_used=1406Kb free=4374Kb
 bounds [0x000001f2ad370000, 0x000001f2ad5e0000, 0x000001f2ad910000]
 total_blobs=2189 nmethods=1063 adapters=506
 compilation: enabled
              stopped_count=0, restarted_count=0
 full_count=0

Compilation events (20 events):
Event: 4670.943 Thread 0x000001f2c9636000 1123  s    3       java.awt.Toolkit::getDefaultToolkit (53 bytes)
Event: 4670.944 Thread 0x000001f2c9636000 nmethod 1123 0x000001f2adadad10 code [0x000001f2adadb020, 0x000001f2adadc3c8]
Event: 4670.944 Thread 0x000001f2c9636000 1124       3       java.security.AccessController::doPrivileged (17 bytes)
Event: 4670.944 Thread 0x000001f2c9636000 nmethod 1124 0x000001f2ad9c4790 code [0x000001f2ad9c4980, 0x000001f2ad9c4d58]
Event: 4670.944 Thread 0x000001f2c9636000 1126       3       java.security.AccessController::checkContext (49 bytes)
Event: 4670.944 Thread 0x000001f2c9636000 nmethod 1126 0x000001f2ad910910 code [0x000001f2ad910b20, 0x000001f2ad911178]
Event: 4670.944 Thread 0x000001f2c9636000 1127       3       sun.awt.AWTAutoShutdown::notifyToolkitThreadBusy (8 bytes)
Event: 4670.944 Thread 0x000001f2c9636000 nmethod 1127 0x000001f2ad958310 code [0x000001f2ad9584c0, 0x000001f2ad958628]
Event: 4670.946 Thread 0x000001f2c9636000 1128       1       sun.java2d.pipe.Region::getLoY (5 bytes)
Event: 4670.946 Thread 0x000001f2c9636000 nmethod 1128 0x000001f2b4e9ce10 code [0x000001f2b4e9cfa0, 0x000001f2b4e9d078]
Event: 4670.946 Thread 0x000001f2c9636000 1129       3       java.awt.Rectangle::translate (197 bytes)
Event: 4670.947 Thread 0x000001f2c9636000 nmethod 1129 0x000001f2ad9ece90 code [0x000001f2ad9ed040, 0x000001f2ad9ed4b8]
Event: 4670.947 Thread 0x000001f2c9636000 1130       3       java.util.LinkedList::checkPositionIndex (22 bytes)
Event: 4670.947 Thread 0x000001f2c9636000 nmethod 1130 0x000001f2ad94af90 code [0x000001f2ad94b1e0, 0x000001f2ad94b908]
Event: 4670.947 Thread 0x000001f2c9636000 1131       3       java.util.LinkedList::isPositionIndex (18 bytes)
Event: 4670.947 Thread 0x000001f2c9636000 nmethod 1131 0x000001f2ad986e90 code [0x000001f2ad987020, 0x000001f2ad9871d8]
Event: 4670.947 Thread 0x000001f2c9636000 1132  s    3       sun.java2d.d3d.D3DRenderQueue::getInstance (33 bytes)
Event: 4670.948 Thread 0x000001f2c9636000 nmethod 1132 0x000001f2adadc890 code [0x000001f2adadcae0, 0x000001f2adadd778]
Event: 4670.950 Thread 0x000001f2c9636000 1133       3       sun.awt.AWTAutoShutdown::notifyToolkitThreadFree (8 bytes)
Event: 4670.950 Thread 0x000001f2c9636000 nmethod 1133 0x000001f2ada27090 code [0x000001f2ada27240, 0x000001f2ada273a8]

GC Heap History (1 events):
Event: 4670.958 GC heap before
{Heap before GC invocations=0 (full 0):
 garbage-first heap   total 262144K, used 23552K [0x0000000701e00000, 0x0000000800000000)
  region size 1024K, 23 young (23552K), 0 survivors (0K)
 Metaspace       used 8625K, capacity 8923K, committed 9088K, reserved 1056768K
  class space    used 1011K, capacity 1139K, committed 1152K, reserved 1048576K
}

Deoptimization events (20 events):
Event: 4670.916 Thread 0x000001f2c9807000 Uncommon trap: trap_request=0xffffff45 fr.pc=0x000001f2b4e4e67c relative=0x000000000000011c
Event: 4670.916 Thread 0x000001f2c9807000 Uncommon trap: reason=unstable_if action=reinterpret pc=0x000001f2b4e4e67c method=java.lang.String.isLatin1()Z @ 10 c2
Event: 4670.916 Thread 0x000001f2c9807000 DEOPT PACKING pc=0x000001f2b4e4e67c sp=0x000000c5ceefe9e0
Event: 4670.916 Thread 0x000001f2c9807000 DEOPT UNPACKING pc=0x000001f2ad3b912f sp=0x000000c5ceefe930 mode 2
Event: 4670.925 Thread 0x000001f2d4023000 Uncommon trap: trap_request=0xffffffde fr.pc=0x000001f2b4e9699c relative=0x000000000000013c
Event: 4670.925 Thread 0x000001f2d4023000 Uncommon trap: reason=class_check action=maybe_recompile pc=0x000001f2b4e9699c method=jdk.internal.misc.Unsafe.allocateUninitializedArray(Ljava/lang/Class;I)Ljava/lang/Object; @ 51 c2
Event: 4670.925 Thread 0x000001f2d4023000 DEOPT PACKING pc=0x000001f2b4e9699c sp=0x000000c5cfe0eaa0
Event: 4670.925 Thread 0x000001f2d4023000 DEOPT UNPACKING pc=0x000001f2ad3b912f sp=0x000000c5cfe0ea28 mode 2
Event: 4670.925 Thread 0x000001f2d4023000 Uncommon trap: trap_request=0xffffffde fr.pc=0x000001f2b4e9699c relative=0x000000000000013c
Event: 4670.925 Thread 0x000001f2d4023000 Uncommon trap: reason=class_check action=maybe_recompile pc=0x000001f2b4e9699c method=jdk.internal.misc.Unsafe.allocateUninitializedArray(Ljava/lang/Class;I)Ljava/lang/Object; @ 51 c2
Event: 4670.925 Thread 0x000001f2d4023000 DEOPT PACKING pc=0x000001f2b4e9699c sp=0x000000c5cfe0eaa0
Event: 4670.925 Thread 0x000001f2d4023000 DEOPT UNPACKING pc=0x000001f2ad3b912f sp=0x000000c5cfe0ea28 mode 2
Event: 4670.925 Thread 0x000001f2d4023000 Uncommon trap: trap_request=0xffffffde fr.pc=0x000001f2b4e9699c relative=0x000000000000013c
Event: 4670.925 Thread 0x000001f2d4023000 Uncommon trap: reason=class_check action=maybe_recompile pc=0x000001f2b4e9699c method=jdk.internal.misc.Unsafe.allocateUninitializedArray(Ljava/lang/Class;I)Ljava/lang/Object; @ 51 c2
Event: 4670.925 Thread 0x000001f2d4023000 DEOPT PACKING pc=0x000001f2b4e9699c sp=0x000000c5cfe0ea90
Event: 4670.925 Thread 0x000001f2d4023000 DEOPT UNPACKING pc=0x000001f2ad3b912f sp=0x000000c5cfe0ea18 mode 2
Event: 4670.925 Thread 0x000001f2d4023000 Uncommon trap: trap_request=0xffffffde fr.pc=0x000001f2b4e9699c relative=0x000000000000013c
Event: 4670.925 Thread 0x000001f2d4023000 Uncommon trap: reason=class_check action=maybe_recompile pc=0x000001f2b4e9699c method=jdk.internal.misc.Unsafe.allocateUninitializedArray(Ljava/lang/Class;I)Ljava/lang/Object; @ 51 c2
Event: 4670.925 Thread 0x000001f2d4023000 DEOPT PACKING pc=0x000001f2b4e9699c sp=0x000000c5cfe0ea90
Event: 4670.925 Thread 0x000001f2d4023000 DEOPT UNPACKING pc=0x000001f2ad3b912f sp=0x000000c5cfe0ea18 mode 2

Classes unloaded (0 events):
No events

Classes redefined (20 events):
Event: 869.625 Thread 0x000001f2c8d83000 redefined class name=com.company.MainView, count=4
Event: 869.625 Thread 0x000001f2c8d83000 redefined class name=com.company.MainView$1, count=4
Event: 927.347 Thread 0x000001f2c8d83000 redefined class name=com.company.MainView, count=5
Event: 927.347 Thread 0x000001f2c8d83000 redefined class name=com.company.MainView$1, count=5
Event: 958.531 Thread 0x000001f2c8d83000 redefined class name=com.company.MainView, count=6
Event: 958.531 Thread 0x000001f2c8d83000 redefined class name=com.company.MainView$1, count=6
Event: 1033.112 Thread 0x000001f2c8d83000 redefined class name=com.company.MainView, count=7
Event: 1033.112 Thread 0x000001f2c8d83000 redefined class name=com.company.MainView$1, count=7
Event: 1068.945 Thread 0x000001f2c8d83000 redefined class name=com.company.MainView, count=8
Event: 1068.945 Thread 0x000001f2c8d83000 redefined class name=com.company.MainView$1, count=8
Event: 1339.831 Thread 0x000001f2c8d83000 redefined class name=com.company.MainView, count=9
Event: 1339.831 Thread 0x000001f2c8d83000 redefined class name=com.company.MainView$1, count=9
Event: 1519.334 Thread 0x000001f2c8d83000 redefined class name=com.company.MainView, count=10
Event: 1519.334 Thread 0x000001f2c8d83000 redefined class name=com.company.MainView$1, count=10
Event: 1636.234 Thread 0x000001f2c8d83000 redefined class name=com.company.MainView, count=11
Event: 1636.235 Thread 0x000001f2c8d83000 redefined class name=com.company.MainView$1, count=11
Event: 3826.699 Thread 0x000001f2c8d83000 redefined class name=com.company.MainView, count=12
Event: 3826.699 Thread 0x000001f2c8d83000 redefined class name=com.company.MainView$1, count=12
Event: 4538.644 Thread 0x000001f2c8d83000 redefined class name=com.company.MainView, count=13
Event: 4538.644 Thread 0x000001f2c8d83000 redefined class name=com.company.MainView$1, count=13

Internal exceptions (19 events):
Event: 0.220 Thread 0x000001f2a4bdf000 Exception <a 'java/lang/ClassNotFoundException'{0x0000000711bdb568}: sun/awt/resources/spi/awtProvider> (0x0000000711bdb568) 
thrown [./open/src/hotspot/share/classfile/systemDictionary.cpp, line 226]
Event: 0.243 Thread 0x000001f2a4bdf000 Exception <a 'java/io/FileNotFoundException'{0x0000000711a59510}> (0x0000000711a59510) 
thrown [./open/src/hotspot/share/prims/jni.cpp, line 599]
Event: 0.250 Thread 0x000001f2a4bdf000 Exception <a 'java/io/FileNotFoundException'{0x0000000711a82058}> (0x0000000711a82058) 
thrown [./open/src/hotspot/share/prims/jni.cpp, line 599]
Event: 0.299 Thread 0x000001f2c9bb2000 Exception <a 'java/lang/NoSuchMethodError'{0x0000000711805598}: 'void java.lang.invoke.DirectMethodHandle$Holder.invokeSpecial(java.lang.Object, java.lang.Object)'> (0x0000000711805598) 
thrown [./open/src/hotspot/share/interpreter/linkResolver.cpp, line 766]
Event: 0.328 Thread 0x000001f2a4bdf000 Exception <a 'java/lang/NoSuchMethodError'{0x0000000711733e08}: 'void java.lang.invoke.DirectMethodHandle$Holder.invokeStaticInit(java.lang.Object)'> (0x0000000711733e08) 
thrown [./open/src/hotspot/share/interpreter/linkResolver.cpp, line 766]
Event: 0.334 Thread 0x000001f2a4bdf000 Exception <a 'java/lang/NoSuchMethodError'{0x000000071175dbd0}: 'java.lang.Object java.lang.invoke.DirectMethodHandle$Holder.invokeStatic(java.lang.Object, int, java.lang.Object, java.lang.Object, java.lang.Object, java.lang.Object)'> (0x000000071175dbd0) 
thrown [./open/src/hotspot/share/interpreter/linkResolver.cpp, line 766]
Event: 0.335 Thread 0x000001f2a4bdf000 Exception <a 'java/lang/NoSuchMethodError'{0x0000000711764248}: 'java.lang.Object java.lang.invoke.DirectMethodHandle$Holder.invokeStatic(java.lang.Object, int, java.lang.Object, java.lang.Object, java.lang.Object)'> (0x0000000711764248) 
thrown [./open/src/hotspot/share/interpreter/linkResolver.cpp, line 766]
Event: 0.335 Thread 0x000001f2a4bdf000 Exception <a 'java/lang/NoSuchMethodError'{0x00000007117677f0}: 'java.lang.Object java.lang.invoke.DirectMethodHandle$Holder.invokeSpecial(java.lang.Object, java.lang.Object, int, java.lang.Object, java.lang.Object, java.lang.Object)'> (0x00000007117677f0) 
thrown [./open/src/hotspot/share/interpreter/linkResolver.cpp, line 766]
Event: 0.338 Thread 0x000001f2a4bdf000 Exception <a 'java/lang/NoSuchMethodError'{0x000000071177e1b0}: 'java.lang.Object java.lang.invoke.DirectMethodHandle$Holder.invokeStatic(java.lang.Object, int, java.lang.Object)'> (0x000000071177e1b0) 
thrown [./open/src/hotspot/share/interpreter/linkResolver.cpp, line 766]
Event: 0.353 Thread 0x000001f2a4bdf000 Exception <a 'java/lang/ClassNotFoundException'{0x000000071160b068}: com/sun/java/swing/plaf/windows/resources/spi/windowsProvider> (0x000000071160b068) 
thrown [./open/src/hotspot/share/classfile/systemDictionary.cpp, line 226]
Event: 0.354 Thread 0x000001f2a4bdf000 Exception <a 'java/lang/ClassNotFoundException'{0x0000000711611e30}: com/sun/swing/internal/plaf/basic/resources/spi/basicProvider> (0x0000000711611e30) 
thrown [./open/src/hotspot/share/classfile/systemDictionary.cpp, line 226]
Event: 0.650 Thread 0x000001f2a4bdf000 Exception <a 'java/lang/NoSuchMethodError'{0x00000007114b9ad8}: 'java.lang.Object java.lang.invoke.Invokers$Holder.linkToTargetMethod(java.lang.Object, int, java.lang.Object)'> (0x00000007114b9ad8) 
thrown [./open/src/hotspot/share/interpreter/linkResolver.cpp, line 766]
Event: 2.118 Thread 0x000001f2d4023000 Exception <a 'java/lang/NoSuchMethodError'{0x00000007110aeb30}: 'java.lang.Object java.lang.invoke.DirectMethodHandle$Holder.invokeStatic(java.lang.Object, java.lang.Object, java.lang.Object, java.lang.Object, java.lang.Object, java.lang.Object, java.lang.Object, java.lang.Object, java.lang.Object, java.lang.Object, java.lang.Object, java.lang.Object, java.lang.Object, java.lang.Object, java.lang.Object)'> (0x00000007110aeb30) 
thrown [./open/src/hotspot/share/interpreter/linkResolver.cpp, line 766]
Event: 2.119 Thread 0x000001f2d4023000 Exception <a 'java/lang/NoSuchMethodError'{0x00000007110bc288}: 'java.lang.Object java.lang.invoke.DirectMethodHandle$Holder.invokeStatic(java.lang.Object, java.lang.Object, java.lang.Object, java.lang.Object, java.lang.Object, java.lang.Object, java.lang.Object, java.lang.Object, java.lang.Object, java.lang.Object, java.lang.Object, java.lang.Object, java.lang.Object, java.lang.Object, java.lang.Object, java.lang.Object)'> (0x00000007110bc288) 
thrown [./open/src/hotspot/share/interpreter/linkResolver.cpp
Event: 2.120 Thread 0x000001f2d4023000 Exception <a 'java/lang/NoSuchMethodError'{0x00000007110c8808}: 'java.lang.Object java.lang.invoke.DirectMethodHandle$Holder.invokeSpecial(java.lang.Object, java.lang.Object, long, java.lang.Object, int, int, int, int, java.lang.Object, java.lang.Object, java.lang.Object)'> (0x00000007110c8808) 
thrown [./open/src/hotspot/share/interpreter/linkResolver.cpp, line 766]
Event: 2.120 Thread 0x000001f2d4023000 Exception <a 'java/lang/NoSuchMethodError'{0x00000007110cbcf8}: 'java.lang.Object java.lang.invoke.DelegatingMethodHandle$Holder.reinvoke_L(java.lang.Object, long, java.lang.Object, int, int, int, int, java.lang.Object, java.lang.Object, java.lang.Object)'> (0x00000007110cbcf8) 
thrown [./open/src/hotspot/share/interpreter/linkResolver.cpp, line 766]
Event: 2.127 Thread 0x000001f2d4023000 Exception <a 'java/lang/NoSuchMethodError'{0x0000000710f29260}: 'java.lang.Object java.lang.invoke.DirectMethodHandle$Holder.invokeSpecial(java.lang.Object, java.lang.Object, long, java.lang.Object, java.lang.Object, java.lang.Object, java.lang.Object, int, java.lang.Object, java.lang.Object, java.lang.Object)'> (0x0000000710f29260) 
thrown [./open/src/hotspot/share/interpreter/linkResolver.cpp, line 766]
Event: 2.127 Thread 0x000001f2d4023000 Exception <a 'java/lang/NoSuchMethodError'{0x0000000710f2c9f8}: 'java.lang.Object java.lang.invoke.DelegatingMethodHandle$Holder.reinvoke_L(java.lang.Object, long, java.lang.Object, java.lang.Object, java.lang.Object, java.lang.Object, int, java.lang.Object, java.lang.Object, java.lang.Object)'> (0x0000000710f2c9f8) 
thrown [./open/src/hotspot/share/interpreter/linkResolver.cpp, line 766]
Event: 2.141 Thread 0x000001f2d4023000 Exception <a 'java/lang/NoSuchMethodError'{0x0000000710fb4530}: 'java.lang.Object java.lang.invoke.Invokers$Holder.linkToTargetMethod(java.lang.Object, int, int, java.lang.Object)'> (0x0000000710fb4530) 
thrown [./open/src/hotspot/share/interpreter/linkResolver.cpp, line 766]

Events (20 events):
Event: 4670.932 Executing VM operation: HandshakeOneThread
Event: 4670.932 Executing VM operation: HandshakeOneThread done
Event: 4670.943 Executing VM operation: HandshakeOneThread
Event: 4670.943 Executing VM operation: HandshakeOneThread done
Event: 4670.951 Executing VM operation: HandshakeOneThread
Event: 4670.951 Executing VM operation: HandshakeOneThread done
Event: 4670.951 Executing VM operation: HandshakeOneThread
Event: 4670.951 Executing VM operation: HandshakeOneThread done
Event: 4670.951 loading class jdk/internal/misc/Signal$1
Event: 4670.951 loading class jdk/internal/misc/Signal$1 done
Event: 4670.951 Thread 0x000001f2c9f77000 Thread added: 0x000001f2c9f77000
Event: 4670.952 Executing VM operation: HandshakeOneThread
Event: 4670.952 Executing VM operation: HandshakeOneThread done
Event: 4670.952 Thread 0x000001f2c9f75800 Thread added: 0x000001f2c9f75800
Event: 4670.952 Thread 0x000001f2c9f78000 Thread added: 0x000001f2c9f78000
Event: 4670.952 Thread 0x000001f2c9f78000 Thread exited: 0x000001f2c9f78000
Event: 4670.955 Executing VM operation: HandshakeOneThread
Event: 4670.955 Executing VM operation: HandshakeOneThread done
Event: 4670.955 Thread 0x000001f2d3e51800 Thread exited: 0x000001f2d3e51800
Event: 4670.958 Executing VM operation: G1CollectForAllocation


Dynamic libraries:
0x00007ff685a20000 - 0x00007ff685a2d000 	C:\Users\jnaskretski\.jdks\openjdk-14.0.1\bin\java.exe
0x00007ff93eb60000 - 0x00007ff93ed50000 	C:\Windows\SYSTEM32\ntdll.dll
0x00007ff93ddd0000 - 0x00007ff93de82000 	C:\Windows\System32\KERNEL32.DLL
0x00007ff93c610000 - 0x00007ff93c8b5000 	C:\Windows\System32\KERNELBASE.dll
0x00007ff93c8c0000 - 0x00007ff93c9ba000 	C:\Windows\System32\ucrtbase.dll
0x00007ff939780000 - 0x00007ff939798000 	C:\Users\jnaskretski\.jdks\openjdk-14.0.1\bin\jli.dll
0x00007ff9397a0000 - 0x00007ff9397b5000 	C:\Users\jnaskretski\.jdks\openjdk-14.0.1\bin\VCRUNTIME140.dll
0x00007ff93d620000 - 0x00007ff93d7b5000 	C:\Windows\System32\USER32.dll
0x00007ff93bbc0000 - 0x00007ff93bbe1000 	C:\Windows\System32\win32u.dll
0x00007ff93d3a0000 - 0x00007ff93d3c6000 	C:\Windows\System32\GDI32.dll
0x00007ff93bbf0000 - 0x00007ff93bd86000 	C:\Windows\System32\gdi32full.dll
0x00007ff93c510000 - 0x00007ff93c5ae000 	C:\Windows\System32\msvcp_win.dll
0x00007ff929130000 - 0x00007ff9293b4000 	C:\Windows\WinSxS\amd64_microsoft.windows.common-controls_6595b64144ccf1df_6.0.18362.1082_none_9e8193e1e45b25c1\COMCTL32.dll
0x00007ff93e700000 - 0x00007ff93e79e000 	C:\Windows\System32\msvcrt.dll
0x00007ff93d9d0000 - 0x00007ff93dd05000 	C:\Windows\System32\combase.dll
0x00007ff93e5e0000 - 0x00007ff93e700000 	C:\Windows\System32\RPCRT4.dll
0x00007ff93c9c0000 - 0x00007ff93ca40000 	C:\Windows\System32\bcryptPrimitives.dll
0x00007ff93cc20000 - 0x00007ff93cc4e000 	C:\Windows\System32\IMM32.DLL
0x00007ff929a80000 - 0x00007ff929b1b000 	C:\Users\jnaskretski\.jdks\openjdk-14.0.1\bin\msvcp140.dll
0x00007ff8e1290000 - 0x00007ff8e1dae000 	C:\Users\jnaskretski\.jdks\openjdk-14.0.1\bin\server\jvm.dll
0x00007ff93cc50000 - 0x00007ff93ccf3000 	C:\Windows\System32\ADVAPI32.dll
0x00007ff93d3d0000 - 0x00007ff93d467000 	C:\Windows\System32\sechost.dll
0x00007ff93ddc0000 - 0x00007ff93ddc8000 	C:\Windows\System32\PSAPI.DLL
0x00007ff935ea0000 - 0x00007ff935ea9000 	C:\Windows\SYSTEM32\WSOCK32.dll
0x00007ff933420000 - 0x00007ff93342a000 	C:\Windows\SYSTEM32\VERSION.dll
0x00007ff939140000 - 0x00007ff939164000 	C:\Windows\SYSTEM32\WINMM.dll
0x00007ff93d5b0000 - 0x00007ff93d61f000 	C:\Windows\System32\WS2_32.dll
0x00007ff939110000 - 0x00007ff93913d000 	C:\Windows\SYSTEM32\winmmbase.dll
0x00007ff93ca40000 - 0x00007ff93ca8a000 	C:\Windows\System32\cfgmgr32.dll
0x00007ff93ba30000 - 0x00007ff93ba41000 	C:\Windows\System32\kernel.appcore.dll
0x00007ff937f00000 - 0x00007ff937f0a000 	C:\Users\jnaskretski\.jdks\openjdk-14.0.1\bin\jimage.dll
0x00007ff93a2f0000 - 0x00007ff93a4e4000 	C:\Windows\SYSTEM32\DBGHELP.DLL
0x00007ff930690000 - 0x00007ff9306ba000 	C:\Windows\SYSTEM32\dbgcore.DLL
0x00007ff9180f0000 - 0x00007ff918128000 	C:\Users\jnaskretski\.jdks\openjdk-14.0.1\bin\jdwp.dll
0x00007ff936a80000 - 0x00007ff936aa5000 	C:\Users\jnaskretski\.jdks\openjdk-14.0.1\bin\java.dll
0x00007ff937750000 - 0x00007ff93775e000 	C:\Users\jnaskretski\.jdks\openjdk-14.0.1\bin\instrument.dll
0x00007ff937ee0000 - 0x00007ff937ef6000 	C:\Users\jnaskretski\.jdks\openjdk-14.0.1\bin\zip.dll
0x00007ff93de90000 - 0x00007ff93e577000 	C:\Windows\System32\SHELL32.dll
0x00007ff93d7c0000 - 0x00007ff93d869000 	C:\Windows\System32\shcore.dll
0x00007ff93bd90000 - 0x00007ff93c510000 	C:\Windows\System32\windows.storage.dll
0x00007ff93ba50000 - 0x00007ff93ba73000 	C:\Windows\System32\profapi.dll
0x00007ff93ba80000 - 0x00007ff93baca000 	C:\Windows\System32\powrprof.dll
0x00007ff93ba20000 - 0x00007ff93ba30000 	C:\Windows\System32\UMPDC.dll
0x00007ff93e580000 - 0x00007ff93e5d2000 	C:\Windows\System32\shlwapi.dll
0x00007ff93baf0000 - 0x00007ff93bb07000 	C:\Windows\System32\cryptsp.dll
0x00007ff927eb0000 - 0x00007ff927ebb000 	C:\Users\jnaskretski\.jdks\openjdk-14.0.1\bin\dt_socket.dll
0x00007ff93aee0000 - 0x00007ff93af1a000 	C:\Windows\SYSTEM32\IPHLPAPI.DLL
0x00007ff93b1c0000 - 0x00007ff93b227000 	C:\Windows\system32\mswsock.dll
0x00007ff92a2a0000 - 0x00007ff92a2b9000 	C:\Users\jnaskretski\.jdks\openjdk-14.0.1\bin\net.dll
0x00007ff933430000 - 0x00007ff933520000 	C:\Windows\SYSTEM32\WINHTTP.dll
0x00007ff92a260000 - 0x00007ff92a272000 	C:\Users\jnaskretski\.jdks\openjdk-14.0.1\bin\nio.dll
0x00007ff9066e0000 - 0x00007ff906877000 	C:\Users\jnaskretski\.jdks\openjdk-14.0.1\bin\awt.dll
0x00007ff93ea50000 - 0x00007ff93eb15000 	C:\Windows\System32\OLEAUT32.dll
0x00007ff9397d0000 - 0x00007ff93985f000 	C:\Windows\SYSTEM32\apphelp.dll
0x00007ff9399a0000 - 0x00007ff939a39000 	C:\Windows\system32\uxtheme.dll
0x00007ff93d260000 - 0x00007ff93d395000 	C:\Windows\System32\MSCTF.dll
0x00007ff93d870000 - 0x00007ff93d9c7000 	C:\Windows\System32\ole32.dll
0x00007ff939ee0000 - 0x00007ff939f0d000 	C:\Windows\system32\DWMAPI.DLL
0x00007ff90f680000 - 0x00007ff90f7d6000 	C:\Windows\system32\opengl32.dll
0x00007ff914050000 - 0x00007ff91407c000 	C:\Windows\SYSTEM32\GLU32.dll
0x00007ff93a630000 - 0x00007ff93a650000 	C:\Windows\SYSTEM32\dxcore.dll
0x00007ff93cac0000 - 0x00007ff93cc09000 	C:\Windows\System32\crypt32.dll
0x00007ff93bad0000 - 0x00007ff93bae2000 	C:\Windows\System32\MSASN1.dll
0x00007ff9333a0000 - 0x00007ff9333cf000 	C:\Windows\SYSTEM32\cryptnet.dll
0x00007ff93b340000 - 0x00007ff93b34c000 	C:\Windows\SYSTEM32\cryptbase.dll
0x00007ff93c5b0000 - 0x00007ff93c60c000 	C:\Windows\System32\WINTRUST.DLL
0x00007ff93cd60000 - 0x00007ff93cd7d000 	C:\Windows\System32\imagehlp.dll
0x00007ff93ad40000 - 0x00007ff93ad73000 	C:\Windows\system32\rsaenh.dll
0x00007ff93ca90000 - 0x00007ff93cab6000 	C:\Windows\System32\bcrypt.dll
0x00007ff93a5e0000 - 0x00007ff93a602000 	C:\Windows\SYSTEM32\gpapi.dll
0x00007ff906b60000 - 0x00007ff906be2000 	C:\Users\jnaskretski\.jdks\openjdk-14.0.1\bin\freetype.dll
0x00007ff906ab0000 - 0x00007ff906b56000 	C:\Users\jnaskretski\.jdks\openjdk-14.0.1\bin\fontmanager.dll
0x00007ff92a250000 - 0x00007ff92a260000 	C:\Users\jnaskretski\.jdks\openjdk-14.0.1\bin\verify.dll
0x00007ff9193c0000 - 0x00007ff91945e000 	C:\Windows\System32\TextInputFramework.dll
0x00007ff935f60000 - 0x00007ff93628a000 	C:\Windows\System32\CoreUIComponents.dll
0x00007ff939170000 - 0x00007ff939244000 	C:\Windows\System32\CoreMessaging.dll
0x00007ff93aa20000 - 0x00007ff93aa51000 	C:\Windows\SYSTEM32\ntmarta.dll
0x00007ff936d20000 - 0x00007ff936e73000 	C:\Windows\SYSTEM32\wintypes.dll
0x00007ff926290000 - 0x00007ff926536000 	C:\Windows\System32\iertutil.dll
0x00007ff93dd10000 - 0x00007ff93ddb2000 	C:\Windows\System32\clbcatq.dll

dbghelp: loaded successfully - version: 4.0.5 - missing functions: none
symbol engine: initialized successfully - sym options: 0x614 - pdb path: .;C:\Users\jnaskretski\.jdks\openjdk-14.0.1\bin;C:\Windows\SYSTEM32;C:\Windows\WinSxS\amd64_microsoft.windows.common-controls_6595b64144ccf1df_6.0.18362.1082_none_9e8193e1e45b25c1;C:\Users\jnaskretski\.jdks\openjdk-14.0.1\bin\server;C:\Windows\System32\DriverStore\FileRepository\nvlt.inf_amd64_6de98d46a9fc896b;C:\Windows\System32\DriverStore\FileRepository\iigd_dch.inf_amd64_cf6c24843162da87

VM Arguments:
jvm_args: -agentlib:jdwp=transport=dt_socket,address=127.0.0.1:63304,suspend=y,server=n -javaagent:C:\Users\jnaskretski\AppData\Local\JetBrains\IntelliJIdea2020.1\captureAgent\debugger-agent.jar -Dfile.encoding=UTF-8 
java_command: com.company.Main
java_class_path (initial): C:\Users\jnaskretski\IdeaProjects\Tic_Tac_Toe_Game2\out\production\Tic_Tac_Toe_Game2;C:\Users\jnaskretski\.m2\repository\org\junit\jupiter\junit-jupiter\5.4.2\junit-jupiter-5.4.2.jar;C:\Users\jnaskretski\.m2\repository\org\junit\jupiter\junit-jupiter-api\5.4.2\junit-jupiter-api-5.4.2.jar;C:\Users\jnaskretski\.m2\repository\org\apiguardian\apiguardian-api\1.0.0\apiguardian-api-1.0.0.jar;C:\Users\jnaskretski\.m2\repository\org\opentest4j\opentest4j\1.1.1\opentest4j-1.1.1.jar;C:\Users\jnaskretski\.m2\repository\org\junit\platform\junit-platform-commons\1.4.2\junit-platform-commons-1.4.2.jar;C:\Users\jnaskretski\.m2\repository\org\junit\jupiter\junit-jupiter-params\5.4.2\junit-jupiter-params-5.4.2.jar;C:\Users\jnaskretski\.m2\repository\org\junit\jupiter\junit-jupiter-engine\5.4.2\junit-jupiter-engine-5.4.2.jar;C:\Users\jnaskretski\.m2\repository\org\junit\platform\junit-platform-engine\1.4.2\junit-platform-engine-1.4.2.jar;C:\Users\jnaskretski\AppData\Local\JetBrains\IntelliJ IDEA 2020.1.1\lib\idea_rt.jar
Launcher Type: SUN_STANDARD

[Global flags]
     intx CICompilerCount                          = 4                                         {product} {ergonomic}
     uint ConcGCThreads                            = 3                                         {product} {ergonomic}
     uint G1ConcRefinementThreads                  = 10                                        {product} {ergonomic}
   size_t G1HeapRegionSize                         = 1048576                                   {product} {ergonomic}
    uintx GCDrainStackTargetSize                   = 64                                        {product} {ergonomic}
   size_t InitialHeapSize                          = 268435456                                 {product} {ergonomic}
   size_t MarkStackSize                            = 4194304                                   {product} {ergonomic}
   size_t MaxHeapSize                              = 4263510016                                {product} {ergonomic}
   size_t MaxNewSize                               = 2557476864                                {product} {ergonomic}
   size_t MinHeapDeltaBytes                        = 1048576                                   {product} {ergonomic}
   size_t MinHeapSize                              = 8388608                                   {product} {ergonomic}
    uintx NonNMethodCodeHeapSize                   = 5839372                                {pd product} {ergonomic}
    uintx NonProfiledCodeHeapSize                  = 122909434                              {pd product} {ergonomic}
    uintx ProfiledCodeHeapSize                     = 122909434                              {pd product} {ergonomic}
    uintx ReservedCodeCacheSize                    = 251658240                              {pd product} {ergonomic}
     bool SegmentedCodeCache                       = true                                      {product} {ergonomic}
   size_t SoftMaxHeapSize                          = 4263510016                             {manageable} {ergonomic}
     bool UseCompressedClassPointers               = true                                 {lp64_product} {ergonomic}
     bool UseCompressedOops                        = true                                 {lp64_product} {ergonomic}
     bool UseG1GC                                  = true                                      {product} {ergonomic}
     bool UseLargePagesIndividualAllocation        = false                                  {pd product} {ergonomic}

Logging:
Log output configuration:
 #0: stdout all=warning uptime,level,tags
 #1: stderr all=off uptime,level,tags

Environment Variables:
PATH=C:\Windows\system32;C:\Windows;C:\Windows\System32\Wbem;C:\Windows\System32\WindowsPowerShell\v1.0\;C:\Windows\System32\OpenSSH\;C:\Program Files (x86)\NVIDIA Corporation\PhysX\Common;C:\Program Files\Java\jdk-13\bin;;C:\Program Files\Common Files\Datawatch\Drivers\7.1.5\jre\bin;C:\Program Files\Common Files\Datawatch\Drivers\7.1.5\jre\bin\server;C:\Program Files\JUNIT;C:\Users\jnaskretski\AppData\Local\Microsoft\WindowsApps;C:\Users\jnaskretski\AppData\Local\Programs\Git\cmd;C:\Users\jnaskretski\AppData\Local\JetBrains\IntelliJ IDEA 2020.1.1\bin;
USERNAME=jnaskretski
OS=Windows_NT
PROCESSOR_IDENTIFIER=Intel64 Family 6 Model 158 Stepping 10, GenuineIntel



---------------  S Y S T E M  ---------------

OS: Windows 10 , 64 bit Build 18362 (10.0.18362.1082)
OS uptime: 7 days 7:00 hours
HyperV virtualization detected

CPU:total 12 (initial active 12) (6 cores per cpu, 2 threads per core) family 6 model 158 stepping 10, cmov, cx8, fxsr, mmx, sse, sse2, sse3, ssse3, sse4.1, sse4.2, popcnt, avx, avx2, aes, clmul, erms, 3dnowpref, lzcnt, ht, tsc, tscinvbit, bmi1, bmi2, adx, fma

Memory: 4k page, system-wide physical 16263M (3181M free)
TotalPageFile size 39075M (AvailPageFile size 5166M)
current process WorkingSet (physical memory assigned to process): 89M, peak: 104M
current process commit charge ("private bytes"): 407M, peak: 423M

vm_info: OpenJDK 64-Bit Server VM (14.0.1+7) for windows-amd64 JRE (14.0.1+7), built on Mar  5 2020 10:30:04 by "mach5one" with MS VC++ 15.9 (VS2017)

END.
